<?xml version="1.0" encoding="UTF-8"?>
<!-- Generated by org.testng.reporters.JUnitXMLReporter -->
<testsuite ignored="0" hostname="US62MPNV2" failures="1" tests="1" name="Sample test" time="21.192" errors="0" timestamp="13 May 2020 21:26:49 GMT">
  <testcase classname="com.training.sanity.tests.ELTC_051_Userdetails" name="validLoginTest" time="13.714">
    <failure type="java.lang.NullPointerException">
      <![CDATA[java.lang.NullPointerException
	at org.openqa.selenium.support.pagefactory.internal.LocatingElementHandler.invoke(LocatingElementHandler.java:51)
	at com.sun.proxy.$Proxy13.click(Unknown Source)
	at com.training.pom.MediumPOM.radiobtnclick(MediumPOM.java:154)
	at com.training.sanity.tests.ELTC_051_Userdetails.validLoginTest(ELTC_051_Userdetails.java:72)
... Removed 26 stack frames]]>
    </failure>
  </testcase> <!-- validLoginTest -->
</testsuite> <!-- Sample test -->
