<?xml version="1.0" encoding="UTF-8"?>
<testng-results ignored="0" total="1" passed="1" failed="0" skipped="0">
  <reporter-output>
  </reporter-output>
  <suite started-at="2020-05-15T20:09:25Z" name="Default suite" finished-at="2020-05-15T20:09:39Z" duration-ms="14362">
    <groups>
    </groups>
    <test started-at="2020-05-15T20:09:25Z" name="Default test" finished-at="2020-05-15T20:09:39Z" duration-ms="14362">
      <class name="com.training.sanity.tests.ELTC_053_Report">
        <test-method is-config="true" signature="setUpBeforeClass()[pri:0, instance:com.training.sanity.tests.ELTC_053_Report@2aece37d]" started-at="2020-05-15T16:09:25Z" name="setUpBeforeClass" finished-at="2020-05-15T16:09:25Z" duration-ms="16" status="PASS">
          <reporter-output>
          </reporter-output>
        </test-method> <!-- setUpBeforeClass -->
        <test-method is-config="true" signature="setUp()[pri:0, instance:com.training.sanity.tests.ELTC_053_Report@2aece37d]" started-at="2020-05-15T16:09:25Z" name="setUp" finished-at="2020-05-15T16:09:31Z" duration-ms="6364" status="PASS">
          <reporter-output>
          </reporter-output>
        </test-method> <!-- setUp -->
        <test-method signature="validLoginTest()[pri:0, instance:com.training.sanity.tests.ELTC_053_Report@2aece37d]" started-at="2020-05-15T16:09:31Z" name="validLoginTest" finished-at="2020-05-15T16:09:37Z" duration-ms="5947" status="PASS">
          <reporter-output>
          </reporter-output>
        </test-method> <!-- validLoginTest -->
        <test-method is-config="true" signature="tearDown()[pri:0, instance:com.training.sanity.tests.ELTC_053_Report@2aece37d]" started-at="2020-05-15T16:09:37Z" name="tearDown" finished-at="2020-05-15T16:09:39Z" duration-ms="2001" status="PASS">
          <reporter-output>
          </reporter-output>
        </test-method> <!-- tearDown -->
      </class> <!-- com.training.sanity.tests.ELTC_053_Report -->
    </test> <!-- Default test -->
  </suite> <!-- Default suite -->
</testng-results>
