<?xml version="1.0" encoding="UTF-8"?>
<testng-results ignored="0" total="1" passed="1" failed="0" skipped="0">
  <reporter-output>
  </reporter-output>
  <suite started-at="2020-05-08T01:39:28Z" name="Default suite" finished-at="2020-05-08T01:39:58Z" duration-ms="30213">
    <groups>
    </groups>
    <test started-at="2020-05-08T01:39:28Z" name="Default test" finished-at="2020-05-08T01:39:58Z" duration-ms="30213">
      <class name="com.training.sanity.tests.ELTC_014_CourseDetails">
        <test-method is-config="true" signature="setUpBeforeClass()[pri:0, instance:com.training.sanity.tests.ELTC_014_CourseDetails@2aece37d]" started-at="2020-05-07T21:39:28Z" name="setUpBeforeClass" finished-at="2020-05-07T21:39:28Z" duration-ms="17" status="PASS">
          <reporter-output>
          </reporter-output>
        </test-method> <!-- setUpBeforeClass -->
        <test-method is-config="true" signature="setUp()[pri:0, instance:com.training.sanity.tests.ELTC_014_CourseDetails@2aece37d]" started-at="2020-05-07T21:39:28Z" name="setUp" finished-at="2020-05-07T21:39:39Z" duration-ms="11340" status="PASS">
          <reporter-output>
          </reporter-output>
        </test-method> <!-- setUp -->
        <test-method signature="validLoginTest()[pri:1, instance:com.training.sanity.tests.ELTC_014_CourseDetails@2aece37d]" started-at="2020-05-07T21:39:39Z" name="validLoginTest" finished-at="2020-05-07T21:39:56Z" duration-ms="16709" status="PASS">
          <reporter-output>
          </reporter-output>
        </test-method> <!-- validLoginTest -->
        <test-method is-config="true" signature="tearDown()[pri:0, instance:com.training.sanity.tests.ELTC_014_CourseDetails@2aece37d]" started-at="2020-05-07T21:39:56Z" name="tearDown" finished-at="2020-05-07T21:39:58Z" duration-ms="2112" status="PASS">
          <reporter-output>
          </reporter-output>
        </test-method> <!-- tearDown -->
      </class> <!-- com.training.sanity.tests.ELTC_014_CourseDetails -->
    </test> <!-- Default test -->
  </suite> <!-- Default suite -->
</testng-results>
